#
# There is insufficient memory for the Java Runtime Environment to continue.
# Native memory allocation (mmap) failed to map 264241152 bytes for G1 virtual space
# Possible reasons:
#   The system is out of physical RAM or swap space
#   The process is running with CompressedOops enabled, and the Java Heap may be blocking the growth of the native heap
# Possible solutions:
#   Reduce memory load on the system
#   Increase physical memory or swap space
#   Check if swap backing store is full
#   Decrease Java heap size (-Xmx/-Xms)
#   Decrease number of Java threads
#   Decrease Java thread stack sizes (-Xss)
#   Set larger code cache with -XX:ReservedCodeCacheSize=
#   JVM is running with Zero Based Compressed Oops mode in which the Java heap is
#     placed in the first 32GB address space. The Java Heap base address is the
#     maximum limit for the native heap growth. Please use -XX:HeapBaseMinAddress
#     to set the Java Heap base and to place the Java Heap above 32GB virtual address.
# This output file may be truncated or incomplete.
#
#  Out of Memory Error (os_windows.cpp:3557), pid=21360, tid=21368
#
# JRE version:  (17.0.6+10) (build )
# Java VM: OpenJDK 64-Bit Server VM (17.0.6+10-LTS, mixed mode, sharing, tiered, compressed oops, compressed class ptrs, g1 gc, windows-amd64)
# No core dump will be written. Minidumps are not enabled by default on client versions of Windows
#

---------------  S U M M A R Y ------------

Command Line: -Dnet.bytebuddy.agent.attacher.dump= net.bytebuddy.agent.Attacher com.sun.tools.attach.VirtualMachine 21124 C:\Users\Admin\.m2\repository\net\bytebuddy\byte-buddy-agent\1.14.5\byte-buddy-agent-1.14.5.jar false 

Host: 12th Gen Intel(R) Core(TM) i5-12450H, 12 cores, 15G,  Windows 10 , 64 bit Build 19041 (10.0.19041.3155)
Time: Tue Aug 15 16:00:17 2023 RTZ 4 (s 10 , 64 bit Build 19041 (10.0.19041.3155) elapsed time: 0.008291 seconds (0d 0h 0m 0s)

---------------  T H R E A D  ---------------

Current thread (0x0000013ded62dfc0):  JavaThread "Unknown thread" [_thread_in_vm, id=21368, stack(0x0000000100100000,0x0000000100200000)]

Stack: [0x0000000100100000,0x0000000100200000]
Native frames: (J=compiled Java code, j=interpreted, Vv=VM code, C=native code)
V  [jvm.dll+0x64af5a]
V  [jvm.dll+0x7fea64]
V  [jvm.dll+0x80021e]
V  [jvm.dll+0x800873]
V  [jvm.dll+0x235648]
V  [jvm.dll+0x647eba]
V  [jvm.dll+0x63c5ca]
V  [jvm.dll+0x2f3c69]
V  [jvm.dll+0x2fad66]
V  [jvm.dll+0x34725a]
V  [jvm.dll+0x34749f]
V  [jvm.dll+0x2ca348]
V  [jvm.dll+0x2cb2d9]
V  [jvm.dll+0x7d2231]
V  [jvm.dll+0x354721]
V  [jvm.dll+0x7b277e]
V  [jvm.dll+0x3d13c3]
V  [jvm.dll+0x3d2dc1]
C  [jli.dll+0x519f]
C  [ucrtbase.dll+0x21bb2]
C  [KERNEL32.DLL+0x17614]
C  [ntdll.dll+0x526b1]


---------------  P R O C E S S  ---------------

Threads class SMR info:
_java_thread_list=0x00007ff83f5b28e8, length=0, elements={
}

Java Threads: ( => current thread )

Other Threads:
  0x0000013ded69d480 GCTaskThread "GC Thread#0" [stack: 0x0000000100400000,0x0000000100500000] [id=21372]
  0x0000013ded6adf10 ConcurrentGCThread "G1 Main Marker" [stack: 0x0000000100500000,0x0000000100600000] [id=21392]
  0x0000013ded6ae920 ConcurrentGCThread "G1 Conc#0" [stack: 0x0000000100600000,0x0000000100700000] [id=21396]

[error occurred during error reporting (printing all threads), id 0xc0000005, EXCEPTION_ACCESS_VIOLATION (0xc0000005) at pc=0x00007ff83ed9b557]

VM state: not at safepoint (not fully initialized)

VM Mutex/Monitor currently owned by a thread:  ([mutex/lock_event])
[0x0000013ded62b2d0] Heap_lock - owner thread: 0x0000013ded62dfc0

Heap address: 0x0000000704a00000, size: 4022 MB, Compressed Oops mode: Zero based, Oop shift amount: 3

CDS archive(s) mapped at: [0x0000000000000000-0x0000000000000000-0x0000000000000000), size 0, SharedBaseAddress: 0x0000000800000000, ArchiveRelocationMode: 0.
Narrow klass base: 0x0000000000000000, Narrow klass shift: 0, Narrow klass range: 0x0

GC Precious Log:
<Empty>

Heap:
 garbage-first heap   total 0K, used 0K [0x0000000704a00000, 0x0000000800000000)
  region size 2048K, 0 young (0K), 0 survivors (0K)

[error occurred during error reporting (printing heap information), id 0xc0000005, EXCEPTION_ACCESS_VIOLATION (0xc0000005) at pc=0x00007ff83f162999]

GC Heap History (0 events):
No events

Dll operation events (1 events):
Event: 0.004 Loaded shared library C:\Users\Admin\.jdks\liberica-17.0.6\bin\java.dll

Deoptimization events (0 events):
No events

Classes unloaded (0 events):
No events

Classes redefined (0 events):
No events

Internal exceptions (0 events):
No events

VM Operations (0 events):
No events

Events (0 events):
No events


Dynamic libraries:
0x00007ff64be40000 - 0x00007ff64be4d000 	C:\Users\Admin\.jdks\liberica-17.0.6\bin\java.exe
0x00007ff894350000 - 0x00007ff894548000 	C:\Windows\SYSTEM32\ntdll.dll
0x00007ff892f00000 - 0x00007ff892fbf000 	C:\Windows\System32\KERNEL32.DLL
0x00007ff8920b0000 - 0x00007ff8923a6000 	C:\Windows\System32\KERNELBASE.dll
0x00007ff891c90000 - 0x00007ff891d90000 	C:\Windows\System32\ucrtbase.dll
0x00007ff8770f0000 - 0x00007ff877107000 	C:\Users\Admin\.jdks\liberica-17.0.6\bin\jli.dll
0x00007ff893710000 - 0x00007ff8938ad000 	C:\Windows\System32\USER32.dll
0x00007ff891e30000 - 0x00007ff891e52000 	C:\Windows\System32\win32u.dll
0x00007ff893920000 - 0x00007ff89394c000 	C:\Windows\System32\GDI32.dll
0x00007ff891f90000 - 0x00007ff8920a5000 	C:\Windows\System32\gdi32full.dll
0x00007ff891d90000 - 0x00007ff891e2d000 	C:\Windows\System32\msvcp_win.dll
0x00007ff8750f0000 - 0x00007ff875105000 	C:\Users\Admin\.jdks\liberica-17.0.6\bin\VCRUNTIME140.dll
0x00007ff878490000 - 0x00007ff87872a000 	C:\Windows\WinSxS\amd64_microsoft.windows.common-controls_6595b64144ccf1df_6.0.19041.1110_none_60b5254171f9507e\COMCTL32.dll
0x00007ff894250000 - 0x00007ff8942ee000 	C:\Windows\System32\msvcrt.dll
0x00007ff8927e0000 - 0x00007ff892810000 	C:\Windows\System32\IMM32.DLL
0x00007ff853430000 - 0x00007ff8534cb000 	C:\Users\Admin\.jdks\liberica-17.0.6\bin\msvcp140.dll
0x00007ff83eac0000 - 0x00007ff83f6e0000 	C:\Users\Admin\.jdks\liberica-17.0.6\bin\server\jvm.dll
0x00007ff892810000 - 0x00007ff8928bf000 	C:\Windows\System32\ADVAPI32.dll
0x00007ff893f80000 - 0x00007ff89401c000 	C:\Windows\System32\sechost.dll
0x00007ff894120000 - 0x00007ff894246000 	C:\Windows\System32\RPCRT4.dll
0x00007ff866fb0000 - 0x00007ff866fb9000 	C:\Windows\SYSTEM32\WSOCK32.dll
0x00007ff894020000 - 0x00007ff89408b000 	C:\Windows\System32\WS2_32.dll
0x00007ff8758e0000 - 0x00007ff875907000 	C:\Windows\SYSTEM32\WINMM.dll
0x00007ff887010000 - 0x00007ff88701a000 	C:\Windows\SYSTEM32\VERSION.dll
0x00007ff890220000 - 0x00007ff890232000 	C:\Windows\SYSTEM32\kernel.appcore.dll
0x00007ff881600000 - 0x00007ff88160a000 	C:\Users\Admin\.jdks\liberica-17.0.6\bin\jimage.dll
0x00007ff88ff10000 - 0x00007ff8900f4000 	C:\Windows\SYSTEM32\DBGHELP.DLL
0x00007ff8830f0000 - 0x00007ff883124000 	C:\Windows\SYSTEM32\dbgcore.DLL
0x00007ff891aa0000 - 0x00007ff891b22000 	C:\Windows\System32\bcryptPrimitives.dll
0x00007ff8720b0000 - 0x00007ff8720d5000 	C:\Users\Admin\.jdks\liberica-17.0.6\bin\java.dll

dbghelp: loaded successfully - version: 4.0.5 - missing functions: none
symbol engine: initialized successfully - sym options: 0x614 - pdb path: .;C:\Users\Admin\.jdks\liberica-17.0.6\bin;C:\Windows\SYSTEM32;C:\Windows\WinSxS\amd64_microsoft.windows.common-controls_6595b64144ccf1df_6.0.19041.1110_none_60b5254171f9507e;C:\Users\Admin\.jdks\liberica-17.0.6\bin\server

VM Arguments:
jvm_args: -Dnet.bytebuddy.agent.attacher.dump= 
java_command: net.bytebuddy.agent.Attacher com.sun.tools.attach.VirtualMachine 21124 C:\Users\Admin\.m2\repository\net\bytebuddy\byte-buddy-agent\1.14.5\byte-buddy-agent-1.14.5.jar false 
java_class_path (initial): C:\Users\Admin\.m2\repository\net\bytebuddy\byte-buddy-agent\1.14.5\byte-buddy-agent-1.14.5.jar
Launcher Type: SUN_STANDARD

[Global flags]
     intx CICompilerCount                          = 4                                         {product} {ergonomic}
     uint ConcGCThreads                            = 3                                         {product} {ergonomic}
     uint G1ConcRefinementThreads                  = 10                                        {product} {ergonomic}
   size_t G1HeapRegionSize                         = 2097152                                   {product} {ergonomic}
    uintx GCDrainStackTargetSize                   = 64                                        {product} {ergonomic}
   size_t InitialHeapSize                          = 264241152                                 {product} {ergonomic}
   size_t MarkStackSize                            = 4194304                                   {product} {ergonomic}
   size_t MaxHeapSize                              = 4217372672                                {product} {ergonomic}
   size_t MinHeapDeltaBytes                        = 2097152                                   {product} {ergonomic}
   size_t MinHeapSize                              = 8388608                                   {product} {ergonomic}
    uintx NonNMethodCodeHeapSize                   = 5839372                                {pd product} {ergonomic}
    uintx NonProfiledCodeHeapSize                  = 122909434                              {pd product} {ergonomic}
    uintx ProfiledCodeHeapSize                     = 122909434                              {pd product} {ergonomic}
    uintx ReservedCodeCacheSize                    = 251658240                              {pd product} {ergonomic}
     bool SegmentedCodeCache                       = true                                      {product} {ergonomic}
   size_t SoftMaxHeapSize                          = 4217372672                             {manageable} {ergonomic}
     bool UseCompressedClassPointers               = true                           {product lp64_product} {ergonomic}
     bool UseCompressedOops                        = true                           {product lp64_product} {ergonomic}
     bool UseG1GC                                  = true                                      {product} {ergonomic}
     bool UseLargePagesIndividualAllocation        = false                                  {pd product} {ergonomic}

Logging:
Log output configuration:
 #0: stdout all=warning uptime,level,tags
 #1: stderr all=off uptime,level,tags

Environment Variables:
JAVA_HOME=C:\Users\Admin\.jdks\liberica-1.8.0_362\bin
PATH=C:\Users\Admin\.jdks\liberica-1.8.0_362\bin;C:\Windows\system32;C:\Windows;C:\Windows\System32\Wbem;C:\Windows\System32\WindowsPowerShell\v1.0\;C:\Windows\System32\OpenSSH\;C:\Program Files (x86)\NVIDIA Corporation\PhysX\Common;C:\Program Files\Git\cmd;C:\Program Files (x86)\Bitvise SSH Client;C:\Program Files\mavenbin;C:\Program Files\WireGuard\;C:\Program Files\Docker\Docker\resources\bin;C:\Program Files (x86)\scala\bin;C:\Program Files (x86)\sbt\bin;C:\Users\Admin\.jdks\liberica-1.8.0_362\bin;C:\Users\Admin\AppData\Local\Programs\Python\Python310\Scripts\;C:\Users\Admin\AppData\Local\Programs\Python\Python310\;C:\Users\Admin\AppData\Local\Programs\Python\Python38\Scripts\;C:\Users\Admin\AppData\Local\Programs\Python\Python38\;C:\Users\Admin\AppData\Local\Programs\Python\Python311\Scripts\;C:\Users\Admin\AppData\Local\Programs\Python\Python311\;C:\Users\Admin\AppData\Local\Microsoft\WindowsApps;C:\Program Files\maven\bin;C:\Program Files\JetBrains\DataGrip 2022.3.3\bin;C:\Users\Admin\AppData\Local\Coursier\data\bin;
USERNAME=Admin
OS=Windows_NT
PROCESSOR_IDENTIFIER=Intel64 Family 6 Model 154 Stepping 3, GenuineIntel
TMP=C:\Users\Admin\AppData\Local\Temp
TEMP=C:\Users\Admin\AppData\Local\Temp



---------------  S Y S T E M  ---------------

OS:
 Windows 10 , 64 bit Build 19041 (10.0.19041.3155)
OS uptime: 0 days 7:01 hours
Hyper-V role detected

CPU: total 12 (initial active 12) (6 cores per cpu, 2 threads per core) family 6 model 154 stepping 3 microcode 0x416, cx8, cmov, fxsr, ht, mmx, 3dnowpref, sse, sse2, sse3, ssse3, sse4.1, sse4.2, popcnt, lzcnt, tsc, tscinvbit, avx, avx2, aes, erms, clmul, bmi1, bmi2, adx, sha, fma, vzeroupper, clflush, clflushopt, clwb, hv

Memory: 4k page, system-wide physical 16085M (1477M free)
TotalPageFile size 23085M (AvailPageFile size 151M)
current process WorkingSet (physical memory assigned to process): 10M, peak: 10M
current process commit charge ("private bytes"): 64M, peak: 316M

vm_info: OpenJDK 64-Bit Server VM (17.0.6+10-LTS) for windows-amd64 JRE (17.0.6+10-LTS), built on Jan 12 2023 13:48:56 by "" with MS VC++ 15.9 (VS2017)

END.
